[1106/100200.476:ERROR:process_memory_win.cc(73)] ReadMemory at 0x216c558d570 of 72 bytes failed: Only part of a ReadProcessMemory or WriteProcessMemory request was completed. (0x12B)
[1106/100200.781:WARNING:pe_image_annotations_reader.cc(134)] could not read annotations list object in C:\Program Files (x86)\BraveSoftware\Brave-Browser\Application\78.0.70.121\chrome_elf.dll
[1106/100200.782:ERROR:process_memory_win.cc(73)] ReadMemory at 0x216c55a02a0 of 72 bytes failed: Only part of a ReadProcessMemory or WriteProcessMemory request was completed. (0x12B)
[1106/100200.782:WARNING:pe_image_annotations_reader.cc(134)] could not read annotations list object in C:\Program Files (x86)\BraveSoftware\Brave-Browser\Application\78.0.70.121\chrome_child.dll
[1106/100200.789:ERROR:process_memory_win.cc(73)] ReadMemory at 0x216c5400000 of 64 bytes failed: Only part of a ReadProcessMemory or WriteProcessMemory request was completed. (0x12B)
[1106/100200.789:WARNING:pe_image_reader.cc(340)] could not read dos header from C:\WINDOWS\System32\shcore.dll
[1106/100200.790:ERROR:process_memory_win.cc(73)] ReadMemory at 0x216c558d570 of 72 bytes failed: Only part of a ReadProcessMemory or WriteProcessMemory request was completed. (0x12B)
[1106/100200.790:WARNING:pe_image_annotations_reader.cc(134)] could not read annotations list object in C:\Program Files (x86)\BraveSoftware\Brave-Browser\Application\78.0.70.121\chrome_elf.dll
[1106/100200.790:ERROR:process_memory_win.cc(73)] ReadMemory at 0x216c55a02a0 of 72 bytes failed: Only part of a ReadProcessMemory or WriteProcessMemory request was completed. (0x12B)
[1106/100200.790:WARNING:pe_image_annotations_reader.cc(134)] could not read annotations list object in C:\Program Files (x86)\BraveSoftware\Brave-Browser\Application\78.0.70.121\chrome_child.dll
[1106/100200.791:ERROR:process_memory_win.cc(73)] ReadMemory at 0x216c5400000 of 64 bytes failed: Only part of a ReadProcessMemory or WriteProcessMemory request was completed. (0x12B)
[1106/100200.791:WARNING:pe_image_reader.cc(340)] could not read dos header from C:\WINDOWS\System32\shcore.dll
[1106/100200.928:ERROR:process_memory_win.cc(73)] ReadMemory at 0x75f97ed000 of 77824 bytes failed: Only part of a ReadProcessMemory or WriteProcessMemory request was completed. (0x12B)
[1106/100200.928:ERROR:process_memory_win.cc(73)] ReadMemory at 0x75f9ffd000 of 12288 bytes failed: Only part of a ReadProcessMemory or WriteProcessMemory request was completed. (0x12B)
[1106/100200.928:ERROR:process_memory_win.cc(73)] ReadMemory at 0x75faffc000 of 16384 bytes failed: Only part of a ReadProcessMemory or WriteProcessMemory request was completed. (0x12B)
[1106/100200.928:ERROR:process_memory_win.cc(73)] ReadMemory at 0x75fb7fc000 of 16384 bytes failed: Only part of a ReadProcessMemory or WriteProcessMemory request was completed. (0x12B)
[1106/100200.929:ERROR:process_memory_win.cc(73)] ReadMemory at 0x75fbfff000 of 4096 bytes failed: Only part of a ReadProcessMemory or WriteProcessMemory request was completed. (0x12B)
[1106/100200.929:ERROR:process_memory_win.cc(73)] ReadMemory at 0x75fc7fd000 of 12288 bytes failed: Only part of a ReadProcessMemory or WriteProcessMemory request was completed. (0x12B)
[1106/100200.929:ERROR:process_memory_win.cc(73)] ReadMemory at 0x75fcffb000 of 20480 bytes failed: Only part of a ReadProcessMemory or WriteProcessMemory request was completed. (0x12B)
[1106/100200.929:ERROR:process_memory_win.cc(73)] ReadMemory at 0x75fdff5000 of 45056 bytes failed: Only part of a ReadProcessMemory or WriteProcessMemory request was completed. (0x12B)
[1106/100200.929:ERROR:process_memory_win.cc(73)] ReadMemory at 0x75fe7f7000 of 36864 bytes failed: Only part of a ReadProcessMemory or WriteProcessMemory request was completed. (0x12B)
[1106/100200.929:ERROR:process_memory_win.cc(73)] ReadMemory at 0x75feffd000 of 12288 bytes failed: Only part of a ReadProcessMemory or WriteProcessMemory request was completed. (0x12B)
[1106/100200.929:ERROR:process_memory_win.cc(73)] ReadMemory at 0x7581ffd000 of 12288 bytes failed: Only part of a ReadProcessMemory or WriteProcessMemory request was completed. (0x12B)
[1106/100200.929:ERROR:process_memory_win.cc(73)] ReadMemory at 0x75827fc000 of 16384 bytes failed: Only part of a ReadProcessMemory or WriteProcessMemory request was completed. (0x12B)
[1106/100200.930:ERROR:process_memory_win.cc(73)] ReadMemory at 0x75817f7000 of 36864 bytes failed: Only part of a ReadProcessMemory or WriteProcessMemory request was completed. (0x12B)
[1106/100200.930:ERROR:process_memory_win.cc(73)] ReadMemory at 0x75837fb000 of 20480 bytes failed: Only part of a ReadProcessMemory or WriteProcessMemory request was completed. (0x12B)
[1106/100200.930:ERROR:process_memory_win.cc(73)] ReadMemory at 0x75807fd000 of 12288 bytes failed: Only part of a ReadProcessMemory or WriteProcessMemory request was completed. (0x12B)
[1106/100200.930:ERROR:process_memory_win.cc(73)] ReadMemory at 0x7580fff000 of 4096 bytes failed: Only part of a ReadProcessMemory or WriteProcessMemory request was completed. (0x12B)
[1106/100200.930:ERROR:process_memory_win.cc(73)] ReadMemory at 0x75f8e16000 of 6024 bytes failed: Only part of a ReadProcessMemory or WriteProcessMemory request was completed. (0x12B)
[1106/100200.930:ERROR:process_memory_win.cc(73)] ReadMemory at 0x75f8e30000 of 6024 bytes failed: Only part of a ReadProcessMemory or WriteProcessMemory request was completed. (0x12B)
[1106/100200.930:ERROR:process_memory_win.cc(73)] ReadMemory at 0x75f8e34000 of 6024 bytes failed: Only part of a ReadProcessMemory or WriteProcessMemory request was completed. (0x12B)
[1106/100200.931:ERROR:process_memory_win.cc(73)] ReadMemory at 0x75f8e4e000 of 6024 bytes failed: Only part of a ReadProcessMemory or WriteProcessMemory request was completed. (0x12B)
[1106/100200.931:ERROR:process_memory_win.cc(73)] ReadMemory at 0x75f8e50000 of 6024 bytes failed: Only part of a ReadProcessMemory or WriteProcessMemory request was completed. (0x12B)
[1106/100200.931:ERROR:process_memory_win.cc(73)] ReadMemory at 0x75f8ee2000 of 852 bytes failed: Only part of a ReadProcessMemory or WriteProcessMemory request was completed. (0x12B)
[1106/100200.931:ERROR:process_memory_win.cc(73)] ReadMemory at 0x75f8ee3000 of 6024 bytes failed: Only part of a ReadProcessMemory or WriteProcessMemory request was completed. (0x12B)
[1106/100200.931:ERROR:process_memory_win.cc(73)] ReadMemory at 0x75f8ee5000 of 6024 bytes failed: Only part of a ReadProcessMemory or WriteProcessMemory request was completed. (0x12B)
[1106/100200.931:ERROR:process_memory_win.cc(73)] ReadMemory at 0x75f8ee9000 of 6024 bytes failed: Only part of a ReadProcessMemory or WriteProcessMemory request was completed. (0x12B)
[1106/100200.931:ERROR:process_memory_win.cc(73)] ReadMemory at 0x75f8eeb000 of 6024 bytes failed: Only part of a ReadProcessMemory or WriteProcessMemory request was completed. (0x12B)
[1106/100200.931:ERROR:process_memory_win.cc(73)] ReadMemory at 0x75f8eed000 of 6024 bytes failed: Only part of a ReadProcessMemory or WriteProcessMemory request was completed. (0x12B)
[1106/100200.931:ERROR:process_memory_win.cc(73)] ReadMemory at 0x75f8eef000 of 6024 bytes failed: Only part of a ReadProcessMemory or WriteProcessMemory request was completed. (0x12B)
[1106/100200.932:ERROR:process_memory_win.cc(73)] ReadMemory at 0x75f8ef1000 of 6024 bytes failed: Only part of a ReadProcessMemory or WriteProcessMemory request was completed. (0x12B)
[1106/100200.932:ERROR:process_memory_win.cc(73)] ReadMemory at 0x75f8ef5000 of 6024 bytes failed: Only part of a ReadProcessMemory or WriteProcessMemory request was completed. (0x12B)
[1106/100200.932:ERROR:process_memory_win.cc(73)] ReadMemory at 0x75f8ef7000 of 6024 bytes failed: Only part of a ReadProcessMemory or WriteProcessMemory request was completed. (0x12B)
[1106/100200.932:ERROR:process_memory_win.cc(73)] ReadMemory at 0x75f8ef9000 of 6024 bytes failed: Only part of a ReadProcessMemory or WriteProcessMemory request was completed. (0x12B)
[1106/100200.932:ERROR:process_memory_win.cc(73)] ReadMemory at 0x75f8f05000 of 6024 bytes failed: Only part of a ReadProcessMemory or WriteProcessMemory request was completed. (0x12B)
[1106/100200.932:ERROR:process_memory_win.cc(73)] ReadMemory at 0x216c5010750 of 80 bytes failed: Only part of a ReadProcessMemory or WriteProcessMemory request was completed. (0x12B)
[1106/100200.932:ERROR:process_memory_win.cc(73)] ReadMemory at 0x216c5010fe0 of 22848 bytes failed: Only part of a ReadProcessMemory or WriteProcessMemory request was completed. (0x12B)
[1106/100200.932:ERROR:process_memory_win.cc(73)] ReadMemory at 0x216c5016930 of 1012 bytes failed: Only part of a ReadProcessMemory or WriteProcessMemory request was completed. (0x12B)
[1106/100200.932:ERROR:process_memory_win.cc(73)] ReadMemory at 0x216c5016f78 of 144 bytes failed: Only part of a ReadProcessMemory or WriteProcessMemory request was completed. (0x12B)
[1106/100200.933:ERROR:process_memory_win.cc(73)] ReadMemory at 0x216c501700a of 1426 bytes failed: Only part of a ReadProcessMemory or WriteProcessMemory request was completed. (0x12B)
[1106/100200.933:ERROR:process_memory_win.cc(73)] ReadMemory at 0x216c501759e of 144 bytes failed: Only part of a ReadProcessMemory or WriteProcessMemory request was completed. (0x12B)
[1106/100200.933:ERROR:process_memory_win.cc(73)] ReadMemory at 0x216c5017630 of 96 bytes failed: Only part of a ReadProcessMemory or WriteProcessMemory request was completed. (0x12B)
[1106/100200.933:ERROR:process_memory_win.cc(73)] ReadMemory at 0x216c50176a0 of 58 bytes failed: Only part of a ReadProcessMemory or WriteProcessMemory request was completed. (0x12B)
[1106/100200.933:ERROR:process_memory_win.cc(73)] ReadMemory at 0x216c50177a0 of 132 bytes failed: Only part of a ReadProcessMemory or WriteProcessMemory request was completed. (0x12B)
[1106/100200.933:ERROR:process_memory_win.cc(73)] ReadMemory at 0x216c5017930 of 132 bytes failed: Only part of a ReadProcessMemory or WriteProcessMemory request was completed. (0x12B)
[1106/100200.933:ERROR:process_memory_win.cc(73)] ReadMemory at 0x216c5017af0 of 150 bytes failed: Only part of a ReadProcessMemory or WriteProcessMemory request was completed. (0x12B)
[1106/100200.933:ERROR:process_memory_win.cc(73)] ReadMemory at 0x216c5017ee0 of 132 bytes failed: Only part of a ReadProcessMemory or WriteProcessMemory request was completed. (0x12B)
[1106/100200.933:ERROR:process_memory_win.cc(73)] ReadMemory at 0x216c5018070 of 64 bytes failed: Only part of a ReadProcessMemory or WriteProcessMemory request was completed. (0x12B)
[1106/100200.933:ERROR:process_memory_win.cc(73)] ReadMemory at 0x216c5018240 of 132 bytes failed: Only part of a ReadProcessMemory or WriteProcessMemory request was completed. (0x12B)
[1106/100200.933:ERROR:process_memory_win.cc(73)] ReadMemory at 0x216c50184d0 of 132 bytes failed: Only part of a ReadProcessMemory or WriteProcessMemory request was completed. (0x12B)
[1106/100200.934:ERROR:process_memory_win.cc(73)] ReadMemory at 0x216c5018660 of 68 bytes failed: Only part of a ReadProcessMemory or WriteProcessMemory request was completed. (0x12B)
[1106/100200.934:ERROR:process_memory_win.cc(73)] ReadMemory at 0x216c5019880 of 132 bytes failed: Only part of a ReadProcessMemory or WriteProcessMemory request was completed. (0x12B)
[1106/100200.934:ERROR:process_memory_win.cc(73)] ReadMemory at 0x216c5019a10 of 178 bytes failed: Only part of a ReadProcessMemory or WriteProcessMemory request was completed. (0x12B)
[1106/100200.934:ERROR:process_memory_win.cc(73)] ReadMemory at 0x216c501a850 of 62 bytes failed: Only part of a ReadProcessMemory or WriteProcessMemory request was completed. (0x12B)
[1106/100200.934:ERROR:process_memory_win.cc(73)] ReadMemory at 0x216c501a8d0 of 182 bytes failed: Only part of a ReadProcessMemory or WriteProcessMemory request was completed. (0x12B)
[1106/100200.934:ERROR:process_memory_win.cc(73)] ReadMemory at 0x216c501a9b0 of 132 bytes failed: Only part of a ReadProcessMemory or WriteProcessMemory request was completed. (0x12B)
[1106/100200.935:ERROR:process_memory_win.cc(73)] ReadMemory at 0x216c501ab40 of 60 bytes failed: Only part of a ReadProcessMemory or WriteProcessMemory request was completed. (0x12B)
[1106/100200.935:ERROR:process_memory_win.cc(73)] ReadMemory at 0x216c501b140 of 132 bytes failed: Only part of a ReadProcessMemory or WriteProcessMemory request was completed. (0x12B)
[1106/100200.935:ERROR:process_memory_win.cc(73)] ReadMemory at 0x216c501cc40 of 132 bytes failed: Only part of a ReadProcessMemory or WriteProcessMemory request was completed. (0x12B)
[1106/100200.935:ERROR:process_memory_win.cc(73)] ReadMemory at 0x216c501f590 of 132 bytes failed: Only part of a ReadProcessMemory or WriteProcessMemory request was completed. (0x12B)
[1106/100200.935:ERROR:process_memory_win.cc(73)] ReadMemory at 0x216c501fc30 of 64 bytes failed: Only part of a ReadProcessMemory or WriteProcessMemory request was completed. (0x12B)
[1106/100200.935:ERROR:process_memory_win.cc(73)] ReadMemory at 0x216c501fc80 of 62 bytes failed: Only part of a ReadProcessMemory or WriteProcessMemory request was completed. (0x12B)
[1106/100200.935:ERROR:process_memory_win.cc(73)] ReadMemory at 0x216c501fcd0 of 64 bytes failed: Only part of a ReadProcessMemory or WriteProcessMemory request was completed. (0x12B)
[1106/100200.935:ERROR:process_memory_win.cc(73)] ReadMemory at 0x216c501fd20 of 66 bytes failed: Only part of a ReadProcessMemory or WriteProcessMemory request was completed. (0x12B)
[1106/100200.935:ERROR:process_memory_win.cc(73)] ReadMemory at 0x216c501fd70 of 62 bytes failed: Only part of a ReadProcessMemory or WriteProcessMemory request was completed. (0x12B)
[1106/100200.935:ERROR:process_memory_win.cc(73)] ReadMemory at 0x216c501fe10 of 60 bytes failed: Only part of a ReadProcessMemory or WriteProcessMemory request was completed. (0x12B)
[1106/100200.936:ERROR:process_memory_win.cc(73)] ReadMemory at 0x216c50200e0 of 64 bytes failed: Only part of a ReadProcessMemory or WriteProcessMemory request was completed. (0x12B)
[1106/100200.936:ERROR:process_memory_win.cc(73)] ReadMemory at 0x216c5020130 of 60 bytes failed: Only part of a ReadProcessMemory or WriteProcessMemory request was completed. (0x12B)
[1106/100200.936:ERROR:process_memory_win.cc(73)] ReadMemory at 0x216c5020180 of 64 bytes failed: Only part of a ReadProcessMemory or WriteProcessMemory request was completed. (0x12B)
[1106/100200.936:ERROR:process_memory_win.cc(73)] ReadMemory at 0x216c5020350 of 62 bytes failed: Only part of a ReadProcessMemory or WriteProcessMemory request was completed. (0x12B)
[1106/100200.936:ERROR:process_memory_win.cc(73)] ReadMemory at 0x216c50203a0 of 64 bytes failed: Only part of a ReadProcessMemory or WriteProcessMemory request was completed. (0x12B)
[1106/100200.936:ERROR:process_memory_win.cc(73)] ReadMemory at 0x216c50203f0 of 64 bytes failed: Only part of a ReadProcessMemory or WriteProcessMemory request was completed. (0x12B)
[1106/100200.936:ERROR:process_memory_win.cc(73)] ReadMemory at 0x216c5020440 of 62 bytes failed: Only part of a ReadProcessMemory or WriteProcessMemory request was completed. (0x12B)
[1106/100200.936:ERROR:process_memory_win.cc(73)] ReadMemory at 0x216c5020490 of 60 bytes failed: Only part of a ReadProcessMemory or WriteProcessMemory request was completed. (0x12B)
[1106/100200.936:ERROR:process_memory_win.cc(73)] ReadMemory at 0x216c50204e0 of 62 bytes failed: Only part of a ReadProcessMemory or WriteProcessMemory request was completed. (0x12B)
[1106/100200.936:ERROR:process_memory_win.cc(73)] ReadMemory at 0x216c5020580 of 60 bytes failed: Only part of a ReadProcessMemory or WriteProcessMemory request was completed. (0x12B)
[1106/100200.936:ERROR:process_memory_win.cc(73)] ReadMemory at 0x216c5020850 of 62 bytes failed: Only part of a ReadProcessMemory or WriteProcessMemory request was completed. (0x12B)
[1106/100200.936:ERROR:process_memory_win.cc(73)] ReadMemory at 0x216c50208a0 of 64 bytes failed: Only part of a ReadProcessMemory or WriteProcessMemory request was completed. (0x12B)
[1106/100200.936:ERROR:process_memory_win.cc(73)] ReadMemory at 0x216c50208f0 of 66 bytes failed: Only part of a ReadProcessMemory or WriteProcessMemory request was completed. (0x12B)
[1106/100200.937:ERROR:process_memory_win.cc(73)] ReadMemory at 0x216c5020940 of 58 bytes failed: Only part of a ReadProcessMemory or WriteProcessMemory request was completed. (0x12B)
[1106/100200.937:ERROR:process_memory_win.cc(73)] ReadMemory at 0x216c5020990 of 62 bytes failed: Only part of a ReadProcessMemory or WriteProcessMemory request was completed. (0x12B)
[1106/100200.937:ERROR:process_memory_win.cc(73)] ReadMemory at 0x216c5020c10 of 62 bytes failed: Only part of a ReadProcessMemory or WriteProcessMemory request was completed. (0x12B)
[1106/100200.937:ERROR:process_memory_win.cc(73)] ReadMemory at 0x216c5020da0 of 62 bytes failed: Only part of a ReadProcessMemory or WriteProcessMemory request was completed. (0x12B)
[1106/100200.937:ERROR:process_memory_win.cc(73)] ReadMemory at 0x216c5020e40 of 62 bytes failed: Only part of a ReadProcessMemory or WriteProcessMemory request was completed. (0x12B)
[1106/100200.937:ERROR:process_memory_win.cc(73)] ReadMemory at 0x216c5020fd0 of 60 bytes failed: Only part of a ReadProcessMemory or WriteProcessMemory request was completed. (0x12B)
[1106/100200.937:ERROR:process_memory_win.cc(73)] ReadMemory at 0x216c5021070 of 64 bytes failed: Only part of a ReadProcessMemory or WriteProcessMemory request was completed. (0x12B)
[1106/100200.937:ERROR:process_memory_win.cc(73)] ReadMemory at 0x216c50210c0 of 60 bytes failed: Only part of a ReadProcessMemory or WriteProcessMemory request was completed. (0x12B)
[1106/100200.937:ERROR:process_memory_win.cc(73)] ReadMemory at 0x216c50245b0 of 132 bytes failed: Only part of a ReadProcessMemory or WriteProcessMemory request was completed. (0x12B)
[1106/100200.937:ERROR:process_memory_win.cc(73)] ReadMemory at 0x216c5024810 of 132 bytes failed: Only part of a ReadProcessMemory or WriteProcessMemory request was completed. (0x12B)
[1106/100200.937:ERROR:process_memory_win.cc(73)] ReadMemory at 0x216c5024940 of 132 bytes failed: Only part of a ReadProcessMemory or WriteProcessMemory request was completed. (0x12B)
[1106/100200.937:ERROR:process_memory_win.cc(73)] ReadMemory at 0x216c5024a70 of 132 bytes failed: Only part of a ReadProcessMemory or WriteProcessMemory request was completed. (0x12B)
[1106/100200.937:ERROR:process_memory_win.cc(73)] ReadMemory at 0x216c5024ba0 of 132 bytes failed: Only part of a ReadProcessMemory or WriteProcessMemory request was completed. (0x12B)
[1106/100200.937:ERROR:process_memory_win.cc(73)] ReadMemory at 0x216c5024cd0 of 132 bytes failed: Only part of a ReadProcessMemory or WriteProcessMemory request was completed. (0x12B)
[1106/100200.937:ERROR:process_memory_win.cc(73)] ReadMemory at 0x216c5024e00 of 132 bytes failed: Only part of a ReadProcessMemory or WriteProcessMemory request was completed. (0x12B)
[1106/100200.937:ERROR:process_memory_win.cc(73)] ReadMemory at 0x216c5024f30 of 132 bytes failed: Only part of a ReadProcessMemory or WriteProcessMemory request was completed. (0x12B)
[1106/100201.014:ERROR:process_memory_win.cc(73)] ReadMemory at 0x216c5025060 of 132 bytes failed: Only part of a ReadProcessMemory or WriteProcessMemory request was completed. (0x12B)
[1106/100201.014:ERROR:process_memory_win.cc(73)] ReadMemory at 0x216c5025190 of 132 bytes failed: Only part of a ReadProcessMemory or WriteProcessMemory request was completed. (0x12B)
[1106/100201.014:ERROR:process_memory_win.cc(73)] ReadMemory at 0x216c50252c0 of 132 bytes failed: Only part of a ReadProcessMemory or WriteProcessMemory request was completed. (0x12B)
[1106/100201.014:ERROR:process_memory_win.cc(73)] ReadMemory at 0x216c50253f0 of 132 bytes failed: Only part of a ReadProcessMemory or WriteProcessMemory request was completed. (0x12B)
[1106/100201.014:ERROR:process_memory_win.cc(73)] ReadMemory at 0x216c5026a50 of 132 bytes failed: Only part of a ReadProcessMemory or WriteProcessMemory request was completed. (0x12B)
[1106/100201.015:ERROR:process_memory_win.cc(73)] ReadMemory at 0x216c5026b80 of 132 bytes failed: Only part of a ReadProcessMemory or WriteProcessMemory request was completed. (0x12B)
[1106/100201.015:ERROR:process_memory_win.cc(73)] ReadMemory at 0x216c5027800 of 54 bytes failed: Only part of a ReadProcessMemory or WriteProcessMemory request was completed. (0x12B)
[1106/100201.064:ERROR:process_memory_win.cc(73)] ReadMemory at 0x216c5029c10 of 76 bytes failed: Only part of a ReadProcessMemory or WriteProcessMemory request was completed. (0x12B)
[1106/100201.064:ERROR:process_memory_win.cc(73)] ReadMemory at 0x216c502b750 of 132 bytes failed: Only part of a ReadProcessMemory or WriteProcessMemory request was completed. (0x12B)
[1106/100201.064:ERROR:process_memory_win.cc(73)] ReadMemory at 0x216c502b950 of 132 bytes failed: Only part of a ReadProcessMemory or WriteProcessMemory request was completed. (0x12B)
[1106/100201.065:ERROR:process_memory_win.cc(73)] ReadMemory at 0x216c502bc20 of 132 bytes failed: Only part of a ReadProcessMemory or WriteProcessMemory request was completed. (0x12B)
[1106/100201.065:ERROR:process_memory_win.cc(73)] ReadMemory at 0x216c502dc00 of 132 bytes failed: Only part of a ReadProcessMemory or WriteProcessMemory request was completed. (0x12B)
[1106/100201.065:ERROR:process_memory_win.cc(73)] ReadMemory at 0x216c502de70 of 132 bytes failed: Only part of a ReadProcessMemory or WriteProcessMemory request was completed. (0x12B)
[1106/100201.065:ERROR:process_memory_win.cc(73)] ReadMemory at 0x216c50319e0 of 132 bytes failed: Only part of a ReadProcessMemory or WriteProcessMemory request was completed. (0x12B)
[1106/100201.065:ERROR:process_memory_win.cc(73)] ReadMemory at 0x216c5031b10 of 132 bytes failed: Only part of a ReadProcessMemory or WriteProcessMemory request was completed. (0x12B)
[1106/100201.065:ERROR:process_memory_win.cc(73)] ReadMemory at 0x216c5031c40 of 132 bytes failed: Only part of a ReadProcessMemory or WriteProcessMemory request was completed. (0x12B)
[1106/100201.065:ERROR:process_memory_win.cc(73)] ReadMemory at 0x216c5031ea0 of 132 bytes failed: Only part of a ReadProcessMemory or WriteProcessMemory request was completed. (0x12B)
[1106/100201.065:ERROR:process_memory_win.cc(73)] ReadMemory at 0x216c5031fd0 of 132 bytes failed: Only part of a ReadProcessMemory or WriteProcessMemory request was completed. (0x12B)
[1106/100201.065:ERROR:process_memory_win.cc(73)] ReadMemory at 0x216c5032230 of 132 bytes failed: Only part of a ReadProcessMemory or WriteProcessMemory request was completed. (0x12B)
[1106/100201.066:ERROR:process_memory_win.cc(73)] ReadMemory at 0x216c5032360 of 132 bytes failed: Only part of a ReadProcessMemory or WriteProcessMemory request was completed. (0x12B)
[1106/100201.066:ERROR:process_memory_win.cc(73)] ReadMemory at 0x216c5032820 of 132 bytes failed: Only part of a ReadProcessMemory or WriteProcessMemory request was completed. (0x12B)
[1106/100201.066:ERROR:process_memory_win.cc(73)] ReadMemory at 0x216c5032a80 of 132 bytes failed: Only part of a ReadProcessMemory or WriteProcessMemory request was completed. (0x12B)
[1106/100201.066:ERROR:process_memory_win.cc(73)] ReadMemory at 0x216c5044f60 of 512 bytes failed: Only part of a ReadProcessMemory or WriteProcessMemory request was completed. (0x12B)
[1106/100201.066:ERROR:process_memory_win.cc(73)] ReadMemory at 0x216c5045b10 of 512 bytes failed: Only part of a ReadProcessMemory or WriteProcessMemory request was completed. (0x12B)
[1106/100201.066:ERROR:process_memory_win.cc(73)] ReadMemory at 0x216c5152f80 of 512 bytes failed: Only part of a ReadProcessMemory or WriteProcessMemory request was completed. (0x12B)
[1106/100201.066:ERROR:process_memory_win.cc(73)] ReadMemory at 0x216c55c68b0 of 512 bytes failed: Only part of a ReadProcessMemory or WriteProcessMemory request was completed. (0x12B)
[1106/100201.066:ERROR:process_memory_win.cc(73)] ReadMemory at 0x216c55d5b78 of 512 bytes failed: Only part of a ReadProcessMemory or WriteProcessMemory request was completed. (0x12B)
[1106/100201.066:ERROR:process_memory_win.cc(73)] ReadMemory at 0x216c55d7100 of 512 bytes failed: Only part of a ReadProcessMemory or WriteProcessMemory request was completed. (0x12B)
[1106/100201.066:ERROR:process_memory_win.cc(73)] ReadMemory at 0x216c55e92b8 of 512 bytes failed: Only part of a ReadProcessMemory or WriteProcessMemory request was completed. (0x12B)
[1106/100201.066:ERROR:process_memory_win.cc(73)] ReadMemory at 0x216c55f4d30 of 712 bytes failed: Only part of a ReadProcessMemory or WriteProcessMemory request was completed. (0x12B)
[1106/100201.066:ERROR:process_memory_win.cc(73)] ReadMemory at 0x216c560b0f0 of 512 bytes failed: Only part of a ReadProcessMemory or WriteProcessMemory request was completed. (0x12B)
[1106/100201.066:ERROR:process_memory_win.cc(73)] ReadMemory at 0x216c560c9f8 of 1232 bytes failed: Only part of a ReadProcessMemory or WriteProcessMemory request was completed. (0x12B)
[1106/100201.067:ERROR:process_memory_win.cc(73)] ReadMemory at 0x216c98a1c10 of 512 bytes failed: Only part of a ReadProcessMemory or WriteProcessMemory request was completed. (0x12B)
[1106/100201.067:ERROR:process_memory_win.cc(73)] ReadMemory at 0x216ca7e2780 of 512 bytes failed: Only part of a ReadProcessMemory or WriteProcessMemory request was completed. (0x12B)
[1106/100201.092:ERROR:process_memory_win.cc(73)] ReadMemory at 0x216cb61c040 of 512 bytes failed: Only part of a ReadProcessMemory or WriteProcessMemory request was completed. (0x12B)
[1106/100201.092:ERROR:process_memory_win.cc(73)] ReadMemory at 0x216cb9f9ce0 of 512 bytes failed: Only part of a ReadProcessMemory or WriteProcessMemory request was completed. (0x12B)
[1106/100201.092:ERROR:process_memory_win.cc(73)] ReadMemory at 0x216cba7e520 of 512 bytes failed: Only part of a ReadProcessMemory or WriteProcessMemory request was completed. (0x12B)
[1106/100201.092:ERROR:process_memory_win.cc(73)] ReadMemory at 0x216cc08fd10 of 512 bytes failed: Only part of a ReadProcessMemory or WriteProcessMemory request was completed. (0x12B)
[1106/100201.092:ERROR:process_memory_win.cc(73)] ReadMemory at 0x216cc186670 of 512 bytes failed: Only part of a ReadProcessMemory or WriteProcessMemory request was completed. (0x12B)
[1106/100201.092:ERROR:process_memory_win.cc(73)] ReadMemory at 0x216cd76108c of 512 bytes failed: Only part of a ReadProcessMemory or WriteProcessMemory request was completed. (0x12B)
[1106/100201.092:ERROR:process_memory_win.cc(73)] ReadMemory at 0x216ce4de734 of 512 bytes failed: Only part of a ReadProcessMemory or WriteProcessMemory request was completed. (0x12B)
[1106/100201.092:ERROR:process_memory_win.cc(73)] ReadMemory at 0x216cfe6ef80 of 512 bytes failed: Only part of a ReadProcessMemory or WriteProcessMemory request was completed. (0x12B)
[1106/100201.092:ERROR:process_memory_win.cc(73)] ReadMemory at 0x216d39fffa0 of 512 bytes failed: Only part of a ReadProcessMemory or WriteProcessMemory request was completed. (0x12B)
[1106/100201.093:ERROR:process_memory_win.cc(73)] ReadMemory at 0x66d2e53c4ed8 of 512 bytes failed: Only part of a ReadProcessMemory or WriteProcessMemory request was completed. (0x12B)
[1106/100201.562:ERROR:scoped_process_suspend.cc(40)] NtResumeProcess: An attempt was made to access an exiting process. (0xc000010a)
